<?xml version="1.0" encoding="UTF-8"?>
<testsuite name="ru.nsu.fit.vinter.calculator.ExceptionsTest" tests="4" skipped="0" failures="0" errors="0" timestamp="2023-03-30T02:59:52" hostname="hppavilion" time="0.052">
  <properties/>
  <testcase name="notEnoughOperandsOnStackExceptionTest()" classname="ru.nsu.fit.vinter.calculator.ExceptionsTest" time="0.043"/>
  <testcase name="tooMuchOperandsExceptionTest()" classname="ru.nsu.fit.vinter.calculator.ExceptionsTest" time="0.002"/>
  <testcase name="noSuchCommandExceptionTest()" classname="ru.nsu.fit.vinter.calculator.ExceptionsTest" time="0.001"/>
  <testcase name="emptyStackExceptionTest()" classname="ru.nsu.fit.vinter.calculator.ExceptionsTest" time="0.002"/>
  <system-out><![CDATA[]]></system-out>
  <system-err><![CDATA[]]></system-err>
</testsuite>
